<?xml version="1.0" encoding="UTF-8"?>
<testng-results ignored="0" total="1" passed="1" failed="0" skipped="0">
  <reporter-output>
  </reporter-output>
  <suite started-at="2023-03-23T13:02:57 IST" name="Suite" finished-at="2023-03-23T13:03:16 IST" duration-ms="19201">
    <groups>
    </groups>
    <test started-at="2023-03-23T13:02:57 IST" name="Test" finished-at="2023-03-23T13:03:16 IST" duration-ms="19201">
      <class name="com.mohs10.scripts.HomeTest">
        <test-method is-config="true" signature="generateReport()[pri:0, instance:com.mohs10.scripts.HomeTest@45b9a632]" started-at="2023-03-23T13:02:57 IST" name="generateReport" finished-at="2023-03-23T13:02:57 IST" duration-ms="276" status="PASS">
          <reporter-output>
          </reporter-output>
        </test-method> <!-- generateReport -->
        <test-method is-config="true" signature="beforeClass()[pri:0, instance:com.mohs10.scripts.HomeTest@45b9a632]" started-at="2023-03-23T13:02:57 IST" name="beforeClass" finished-at="2023-03-23T13:03:03 IST" duration-ms="5586" status="PASS">
          <reporter-output>
          </reporter-output>
        </test-method> <!-- beforeClass -->
        <test-method is-config="true" signature="methodName(java.lang.reflect.Method)[pri:0, instance:com.mohs10.scripts.HomeTest@45b9a632]" started-at="2023-03-23T13:03:03 IST" name="methodName" finished-at="2023-03-23T13:03:03 IST" duration-ms="19" status="PASS">
          <params>
            <param index="0">
              <value>
                <![CDATA[public void com.mohs10.scripts.HomeTest.CategoriesTest() throws java.lang.Exception]]>
              </value>
            </param>
          </params>
          <reporter-output>
          </reporter-output>
        </test-method> <!-- methodName -->
        <test-method signature="CategoriesTest()[pri:0, instance:com.mohs10.scripts.HomeTest@45b9a632]" started-at="2023-03-23T13:03:03 IST" name="CategoriesTest" finished-at="2023-03-23T13:03:15 IST" duration-ms="12155" status="PASS">
          <reporter-output>
          </reporter-output>
        </test-method> <!-- CategoriesTest -->
        <test-method is-config="true" signature="afterClass()[pri:0, instance:com.mohs10.scripts.HomeTest@45b9a632]" started-at="2023-03-23T13:03:15 IST" name="afterClass" finished-at="2023-03-23T13:03:16 IST" duration-ms="1124" status="PASS">
          <reporter-output>
          </reporter-output>
        </test-method> <!-- afterClass -->
      </class> <!-- com.mohs10.scripts.HomeTest -->
    </test> <!-- Test -->
  </suite> <!-- Suite -->
</testng-results>
